modules/passport-reader/android/build/intermediates/manifest_merge_blame_file/debug/processDebugManifest/manifest-merger-blame-debug-report.txt
1<?xml version="1.0" encoding="utf-8"?>
2<manifest xmlns:android="http://schemas.android.com/apk/res/android"
3    package="com.documentaccept.rn.passportreader" >
4
5    <uses-sdk android:minSdkVersion="24" />
6
7    <uses-permission android:name="android.permission.NFC" />
7-->src/main/AndroidManifest.xml:2:5-62
7-->src/main/AndroidManifest.xml:2:22-59
8
9    <uses-feature
9-->src/main/AndroidManifest.xml:3:5-81
10        android:name="android.hardware.nfc"
10-->src/main/AndroidManifest.xml:3:19-54
11        android:required="true" />
11-->src/main/AndroidManifest.xml:3:55-78
12
13</manifest>